[debug] [2022-01-11T18:39:01.960Z] ----------------------------------------------------------------------
[debug] [2022-01-11T18:39:01.964Z] Command:       C:\Program Files\nodejs\node.exe C:\Users\Sohail_Comp\AppData\Roaming\npm\node_modules\firebase-tools\lib\bin\firebase.js init hosting
[debug] [2022-01-11T18:39:01.964Z] CLI Version:   10.0.1
[debug] [2022-01-11T18:39:01.965Z] Platform:      win32
[debug] [2022-01-11T18:39:01.965Z] Node Version:  v14.18.1
[debug] [2022-01-11T18:39:01.966Z] Time:          Tue Jan 11 2022 23:39:01 GMT+0500 (Pakistan Standard Time)
[debug] [2022-01-11T18:39:01.966Z] ----------------------------------------------------------------------
[debug] 
[debug] [2022-01-11T18:39:01.978Z] > command requires scopes: ["email","openid","https://www.googleapis.com/auth/cloudplatformprojects.readonly","https://www.googleapis.com/auth/firebase","https://www.googleapis.com/auth/cloud-platform"]
[debug] [2022-01-11T18:39:01.978Z] > authorizing via signed-in user (amaaz0434@gmail.com)
[info] 
     ######## #### ########  ######## ########     ###     ######  ########
     ##        ##  ##     ## ##       ##     ##  ##   ##  ##       ##
     ######    ##  ########  ######   ########  #########  ######  ######
     ##        ##  ##    ##  ##       ##     ## ##     ##       ## ##
     ##       #### ##     ## ######## ########  ##     ##  ######  ########

You're about to initialize a Firebase project in this directory:

  C:\Users\Sohail_Comp\Desktop\react-firebase-chat-master

[info] 
=== Project Setup
[info] 
[info] First, let's associate this project directory with a Firebase project.
[info] You can create multiple project aliases by running firebase use --add, 
[info] but for now we'll just set up a default project.
[info] 
[debug] [2022-01-11T18:39:08.809Z] >>> [apiv2][query] GET https://firebase.googleapis.com/v1beta1/projects pageSize=100
[debug] [2022-01-11T18:39:12.316Z] <<< [apiv2][status] GET https://firebase.googleapis.com/v1beta1/projects 200
[debug] [2022-01-11T18:39:12.317Z] <<< [apiv2][body] GET https://firebase.googleapis.com/v1beta1/projects [omitted]
[info] i  Using project react-messenger-40559 (react-messenger) 
[info] 
=== Hosting Setup
[info] 
[info] Your public directory is the folder (relative to your project directory) that
[info] will contain Hosting assets to be uploaded with firebase deploy. If you
[info] have a build process for your assets, use your build's output directory.
[info] 
[debug] [2022-01-11T18:39:34.173Z] >>> [apiv2][query] GET https://www.gstatic.com/firebasejs/releases.json [none]
[debug] [2022-01-11T18:39:34.549Z] <<< [apiv2][status] GET https://www.gstatic.com/firebasejs/releases.json 200
[debug] [2022-01-11T18:39:34.550Z] <<< [apiv2][body] GET https://www.gstatic.com/firebasejs/releases.json {"current":{"version":"9.6.2","browserURL":"https://www.gstatic.com/firebasejs/9.6.2/firebase.js","packageURL":"https://www.gstatic.com/firebasejs/9.6.2/firebase.tgz"},"live":{"version":"9.6","browserURL":"https://www.gstatic.com/firebasejs/live/9.6/firebase.js","packageURL":"https://www.gstatic.com/firebasejs/live/9.6/firebase.tgz"},"components":{"analytics":"https://www.gstatic.com/firebasejs/9.6.2/firebase-analytics.js","app":"https://www.gstatic.com/firebasejs/9.6.2/firebase-app.js","app-check":"https://www.gstatic.com/firebasejs/9.6.2/firebase-app-check.js","auth":"https://www.gstatic.com/firebasejs/9.6.2/firebase-auth.js","auth/cordova":"https://www.gstatic.com/firebasejs/9.6.2/firebase-auth/cordova.js","auth/react-native":"https://www.gstatic.com/firebasejs/9.6.2/firebase-auth/react-native.js","functions":"https://www.gstatic.com/firebasejs/9.6.2/firebase-functions.js","firestore":"https://www.gstatic.com/firebasejs/9.6.2/firebase-firestore.js","firestore/lite":"https://www.gstatic.com/firebasejs/9.6.2/firebase-firestore/lite.js","storage":"https://www.gstatic.com/firebasejs/9.6.2/firebase-storage.js","performance":"https://www.gstatic.com/firebasejs/9.6.2/firebase-performance.js","remote-config":"https://www.gstatic.com/firebasejs/9.6.2/firebase-remote-config.js","messaging":"https://www.gstatic.com/firebasejs/9.6.2/firebase-messaging.js","messaging/sw":"https://www.gstatic.com/firebasejs/9.6.2/firebase-messaging/sw.js","database":"https://www.gstatic.com/firebasejs/9.6.2/firebase-database.js","firestore.memory":"https://www.gstatic.com/firebasejs/9.6.2/firebase-firestore.memory.js"}}
[info] +  Wrote y/index.html 
[info] 
[info] i  Didn't detect a .git folder. Assuming C:\Users\Sohail_Comp\Desktop\react-firebase-chat-master is the project root. 
[info] i  Authorizing with GitHub to upload your service account to a GitHub repository's secrets store. 
[info] 
[info] Visit this URL on this device to log in:
[info] https://github.com/login/oauth/authorize?client_id=89cf50f02ac6aaed3484&state=831619722&redirect_uri=http%3A%2F%2Flocalhost%3A9005&scope=read%3Auser%20repo%20public_repo
[info] 
[info] Waiting for authentication...
[debug] [2022-01-11T18:39:51.621Z] >>> HTTP REQUEST POST https://github.com/login/oauth/access_token  
 {"client_id":"89cf50f02ac6aaed3484","client_secret":"3330d14abc895d9a74d5f17cd7a00711fa2c5bf0","code":"adeb54472c0ed0407f43","redirect_uri":"http://localhost:9005","state":"831619722"}
[debug] [2022-01-11T18:40:01.714Z] <<< HTTP RESPONSE 200 {"server":"GitHub.com","date":"Tue, 11 Jan 2022 18:39:57 GMT","content-type":"application/json; charset=utf-8","transfer-encoding":"chunked","vary":"X-PJAX, X-PJAX-Container, Accept-Encoding, Accept, X-Requested-With","permissions-policy":"interest-cohort=()","etag":"W/\"99550362bec472dd25c77b4455bfc4bb\"","cache-control":"max-age=0, private, must-revalidate","strict-transport-security":"max-age=31536000; includeSubdomains; preload","x-frame-options":"deny","x-content-type-options":"nosniff","x-xss-protection":"0","referrer-policy":"origin-when-cross-origin, strict-origin-when-cross-origin","expect-ct":"max-age=2592000, report-uri=\"https://api.github.com/_private/browser/errors\"","content-security-policy":"default-src 'none'; base-uri 'self'; block-all-mixed-content; child-src github.com/assets-cdn/worker/ gist.github.com/assets-cdn/worker/; connect-src 'self' uploads.github.com objects-origin.githubusercontent.com www.githubstatus.com collector.githubapp.com api.github.com github-cloud.s3.amazonaws.com github-production-repository-file-5c1aeb.s3.amazonaws.com github-production-upload-manifest-file-7fdce7.s3.amazonaws.com github-production-user-asset-6210df.s3.amazonaws.com cdn.optimizely.com logx.optimizely.com/v1/events translator.github.com wss://alive.github.com; font-src github.githubassets.com; form-action 'self' github.com gist.github.com objects-origin.githubusercontent.com; frame-ancestors 'none'; frame-src render.githubusercontent.com viewscreen.githubusercontent.com notebooks.githubusercontent.com; img-src 'self' data: github.githubassets.com identicons.github.com collector.githubapp.com github-cloud.s3.amazonaws.com secured-user-images.githubusercontent.com/ *.githubusercontent.com; manifest-src 'self'; media-src github.com user-images.githubusercontent.com/; script-src github.githubassets.com; style-src 'unsafe-inline' github.githubassets.com; worker-src github.com/assets-cdn/worker/ gist.github.com/assets-cdn/worker/","x-github-request-id":"7AEF:7775:1B47FCF:1F1D4EB:61DDCEFA"}
[debug] [2022-01-11T18:40:01.734Z] >>> [apiv2][query] GET https://api.github.com/user [none]
[debug] [2022-01-11T18:40:04.176Z] <<< [apiv2][status] GET https://api.github.com/user 200
[debug] [2022-01-11T18:40:04.177Z] <<< [apiv2][body] GET https://api.github.com/user {"login":"awais004800","id":96692451,"node_id":"U_kgDOBcNo4w","avatar_url":"https://avatars.githubusercontent.com/u/96692451?v=4","gravatar_id":"","url":"https://api.github.com/users/awais004800","html_url":"https://github.com/awais004800","followers_url":"https://api.github.com/users/awais004800/followers","following_url":"https://api.github.com/users/awais004800/following{/other_user}","gists_url":"https://api.github.com/users/awais004800/gists{/gist_id}","starred_url":"https://api.github.com/users/awais004800/starred{/owner}{/repo}","subscriptions_url":"https://api.github.com/users/awais004800/subscriptions","organizations_url":"https://api.github.com/users/awais004800/orgs","repos_url":"https://api.github.com/users/awais004800/repos","events_url":"https://api.github.com/users/awais004800/events{/privacy}","received_events_url":"https://api.github.com/users/awais004800/received_events","type":"User","site_admin":false,"name":null,"company":null,"blog":"","location":null,"email":null,"hireable":null,"bio":null,"twitter_username":null,"public_repos":2,"public_gists":0,"followers":0,"following":0,"created_at":"2021-12-26T15:12:33Z","updated_at":"2021-12-26T15:34:12Z","private_gists":0,"total_private_repos":0,"owned_private_repos":0,"disk_usage":14674,"collaborators":0,"two_factor_authentication":false,"plan":{"name":"free","space":976562499,"collaborators":0,"private_repos":10000}}
[info] 
[info] +  Success! Logged into GitHub as awais004800 
[info] 
[debug] [2022-01-11T18:40:33.105Z] >>> [apiv2][query] GET https://api.github.com/repos/y/actions/secrets/public-key type=owner
[debug] [2022-01-11T18:40:33.912Z] <<< [apiv2][status] GET https://api.github.com/repos/y/actions/secrets/public-key 404
[debug] [2022-01-11T18:40:33.913Z] <<< [apiv2][body] GET https://api.github.com/repos/y/actions/secrets/public-key {"message":"Not Found","documentation_url":"https://docs.github.com/rest"}
[debug] [2022-01-11T18:40:47.510Z] >>> [apiv2][query] GET https://api.github.com/repos/y/actions/secrets/public-key type=owner
[debug] [2022-01-11T18:40:50.261Z] <<< [apiv2][status] GET https://api.github.com/repos/y/actions/secrets/public-key 404
[debug] [2022-01-11T18:40:50.261Z] <<< [apiv2][body] GET https://api.github.com/repos/y/actions/secrets/public-key {"message":"Not Found","documentation_url":"https://docs.github.com/rest"}
[debug] [2022-01-11T18:40:55.624Z] >>> [apiv2][query] GET https://api.github.com/repos/no/actions/secrets/public-key type=owner
[debug] [2022-01-11T18:40:56.171Z] <<< [apiv2][status] GET https://api.github.com/repos/no/actions/secrets/public-key 404
[debug] [2022-01-11T18:40:56.171Z] <<< [apiv2][body] GET https://api.github.com/repos/no/actions/secrets/public-key {"message":"Not Found","documentation_url":"https://docs.github.com/rest"}
[debug] [2022-01-11T18:41:31.006Z] >>> [apiv2][query] GET https://api.github.com/repos/public/index.js/actions/secrets/public-key type=owner
[debug] [2022-01-11T18:41:32.573Z] >>> [apiv2][query] GET https://api.github.com/repos//actions/secrets/public-key type=owner
[debug] [2022-01-11T18:41:32.638Z] <<< [apiv2][status] GET https://api.github.com/repos/public/index.js/actions/secrets/public-key 404
[debug] [2022-01-11T18:41:32.639Z] <<< [apiv2][body] GET https://api.github.com/repos/public/index.js/actions/secrets/public-key {"message":"Not Found","documentation_url":"https://docs.github.com/rest/reference/actions#get-a-repository-public-key"}
[debug] [2022-01-11T18:41:37.189Z] >>> [apiv2][query] GET https://api.github.com/repos/public/index.js/actions/secrets/public-key type=owner
[debug] [2022-01-11T18:41:37.479Z] <<< [apiv2][status] GET https://api.github.com/repos//actions/secrets/public-key 404
[debug] [2022-01-11T18:41:37.479Z] <<< [apiv2][body] GET https://api.github.com/repos//actions/secrets/public-key {"message":"Not Found","documentation_url":"https://docs.github.com/rest"}
[debug] [2022-01-11T18:41:44.143Z] <<< [apiv2][status] GET https://api.github.com/repos/public/index.js/actions/secrets/public-key 404
[debug] [2022-01-11T18:41:44.143Z] <<< [apiv2][body] GET https://api.github.com/repos/public/index.js/actions/secrets/public-key {"message":"Not Found","documentation_url":"https://docs.github.com/rest/reference/actions#get-a-repository-public-key"}
[debug] [2022-01-11T18:41:49.783Z] >>> [apiv2][query] GET https://api.github.com/repos/users/actions/secrets/public-key type=owner
[debug] [2022-01-11T18:41:51.646Z] <<< [apiv2][status] GET https://api.github.com/repos/users/actions/secrets/public-key 404
[debug] [2022-01-11T18:41:51.646Z] <<< [apiv2][body] GET https://api.github.com/repos/users/actions/secrets/public-key {"message":"Not Found","documentation_url":"https://docs.github.com/rest"}
[debug] [2022-01-11T18:41:51.988Z] >>> [apiv2][query] GET https://api.github.com/repos//actions/secrets/public-key type=owner
[debug] [2022-01-11T18:41:53.456Z] <<< [apiv2][status] GET https://api.github.com/repos//actions/secrets/public-key 404
[debug] [2022-01-11T18:41:53.457Z] <<< [apiv2][body] GET https://api.github.com/repos//actions/secrets/public-key {"message":"Not Found","documentation_url":"https://docs.github.com/rest"}
[debug] [2022-01-11T18:54:59.346Z] >>> [apiv2][query] GET https://api.github.com/repos/user/repository/actions/secrets/public-key type=owner
[debug] [2022-01-11T18:55:02.043Z] >>> [apiv2][query] GET https://api.github.com/repos//actions/secrets/public-key type=owner
[debug] [2022-01-11T18:55:03.478Z] <<< [apiv2][status] GET https://api.github.com/repos//actions/secrets/public-key 404
[debug] [2022-01-11T18:55:03.479Z] <<< [apiv2][body] GET https://api.github.com/repos//actions/secrets/public-key {"message":"Not Found","documentation_url":"https://docs.github.com/rest"}
[debug] [2022-01-11T18:55:04.010Z] <<< [apiv2][status] GET https://api.github.com/repos/user/repository/actions/secrets/public-key 404
[debug] [2022-01-11T18:55:04.010Z] <<< [apiv2][body] GET https://api.github.com/repos/user/repository/actions/secrets/public-key {"message":"Not Found","documentation_url":"https://docs.github.com/rest/reference/actions#get-a-repository-public-key"}
[debug] [2022-01-11T18:55:07.025Z] >>> [apiv2][query] GET https://api.github.com/repos/user/repository/actions/secrets/public-key type=owner
[debug] [2022-01-11T18:55:07.769Z] <<< [apiv2][status] GET https://api.github.com/repos/user/repository/actions/secrets/public-key 404
[debug] [2022-01-11T18:55:07.769Z] <<< [apiv2][body] GET https://api.github.com/repos/user/repository/actions/secrets/public-key {"message":"Not Found","documentation_url":"https://docs.github.com/rest/reference/actions#get-a-repository-public-key"}
